<?xml version="1.0" encoding="UTF-8"?>
<testng-results skipped="0" failed="0" ignored="0" total="1" passed="1">
  <reporter-output>
  </reporter-output>
  <suite name="Default suite" duration-ms="114149" started-at="2019-08-03T14:18:57Z" finished-at="2019-08-03T14:20:51Z">
    <groups>
    </groups>
    <test name="Default test" duration-ms="114149" started-at="2019-08-03T14:18:57Z" finished-at="2019-08-03T14:20:51Z">
      <class name="sritestproj.gitsritest.LoginTest1">
        <test-method status="PASS" signature="beforeTest()[pri:0, instance:sritestproj.gitsritest.LoginTest1@58651fd0]" name="beforeTest" is-config="true" duration-ms="23355" started-at="2019-08-03T14:18:57Z" finished-at="2019-08-03T14:19:20Z">
          <reporter-output>
          </reporter-output>
        </test-method> <!-- beforeTest -->
        <test-method status="PASS" signature="f()[pri:0, instance:sritestproj.gitsritest.LoginTest1@58651fd0]" name="f" duration-ms="88447" started-at="2019-08-03T14:19:20Z" finished-at="2019-08-03T14:20:49Z">
          <reporter-output>
          </reporter-output>
        </test-method> <!-- f -->
        <test-method status="PASS" signature="afterTest()[pri:0, instance:sritestproj.gitsritest.LoginTest1@58651fd0]" name="afterTest" is-config="true" duration-ms="2277" started-at="2019-08-03T14:20:49Z" finished-at="2019-08-03T14:20:51Z">
          <reporter-output>
          </reporter-output>
        </test-method> <!-- afterTest -->
      </class> <!-- sritestproj.gitsritest.LoginTest1 -->
    </test> <!-- Default test -->
  </suite> <!-- Default suite -->
</testng-results>
