<?xml version="1.0" encoding="UTF-8"?>
<testng-results skipped="0" failed="0" ignored="0" total="1" passed="1">
  <reporter-output>
  </reporter-output>
  <suite name="Default suite" duration-ms="83869" started-at="2019-08-03T09:02:32Z" finished-at="2019-08-03T09:03:56Z">
    <groups>
    </groups>
    <test name="Default test" duration-ms="83869" started-at="2019-08-03T09:02:32Z" finished-at="2019-08-03T09:03:56Z">
      <class name="sritestproj.gitsritest.LoginTest1">
        <test-method status="PASS" signature="beforeTest()[pri:0, instance:sritestproj.gitsritest.LoginTest1@58651fd0]" name="beforeTest" is-config="true" duration-ms="35749" started-at="2019-08-03T09:02:32Z" finished-at="2019-08-03T09:03:08Z">
          <reporter-output>
          </reporter-output>
        </test-method> <!-- beforeTest -->
        <test-method status="PASS" signature="f()[pri:0, instance:sritestproj.gitsritest.LoginTest1@58651fd0]" name="f" duration-ms="47895" started-at="2019-08-03T09:03:08Z" finished-at="2019-08-03T09:03:56Z">
          <reporter-output>
          </reporter-output>
        </test-method> <!-- f -->
        <test-method status="PASS" signature="afterTest()[pri:0, instance:sritestproj.gitsritest.LoginTest1@58651fd0]" name="afterTest" is-config="true" duration-ms="171" started-at="2019-08-03T09:03:56Z" finished-at="2019-08-03T09:03:56Z">
          <reporter-output>
          </reporter-output>
        </test-method> <!-- afterTest -->
      </class> <!-- sritestproj.gitsritest.LoginTest1 -->
    </test> <!-- Default test -->
  </suite> <!-- Default suite -->
</testng-results>
